0 info it worked if it ends with ok
1 verbose cli [ '/Users/sezzh/.nvm/versions/node/v4.4.4/bin/node',
1 verbose cli   '/Users/sezzh/.nvm/versions/node/v4.4.4/bin/npm',
1 verbose cli   'run',
1 verbose cli   'build-stylus' ]
2 info using npm@2.15.1
3 info using node@v4.4.4
4 verbose run-script [ 'prebuild-stylus', 'build-stylus', 'postbuild-stylus' ]
5 info prebuild-stylus sezzhportfolio@0.0.1
6 info build-stylus sezzhportfolio@0.0.1
7 verbose unsafe-perm in lifecycle true
8 info sezzhportfolio@0.0.1 Failed to exec build-stylus script
9 verbose stack Error: sezzhportfolio@0.0.1 build-stylus: `stylus -u nib s-grid autoprefixer-stylus -w lib/stylus/ -o public/css/styles.css`
9 verbose stack Exit status 1
9 verbose stack     at EventEmitter.<anonymous> (/Users/sezzh/.nvm/versions/node/v4.4.4/lib/node_modules/npm/lib/utils/lifecycle.js:217:16)
9 verbose stack     at emitTwo (events.js:87:13)
9 verbose stack     at EventEmitter.emit (events.js:172:7)
9 verbose stack     at ChildProcess.<anonymous> (/Users/sezzh/.nvm/versions/node/v4.4.4/lib/node_modules/npm/lib/utils/spawn.js:24:14)
9 verbose stack     at emitTwo (events.js:87:13)
9 verbose stack     at ChildProcess.emit (events.js:172:7)
9 verbose stack     at maybeClose (internal/child_process.js:827:16)
9 verbose stack     at Process.ChildProcess._handle.onexit (internal/child_process.js:211:5)
10 verbose pkgid sezzhportfolio@0.0.1
11 verbose cwd /Users/sezzh/github/es6css3html5-vanilla-velsoftgit
12 error Darwin 15.4.0
13 error argv "/Users/sezzh/.nvm/versions/node/v4.4.4/bin/node" "/Users/sezzh/.nvm/versions/node/v4.4.4/bin/npm" "run" "build-stylus"
14 error node v4.4.4
15 error npm  v2.15.1
16 error code ELIFECYCLE
17 error sezzhportfolio@0.0.1 build-stylus: `stylus -u nib s-grid autoprefixer-stylus -w lib/stylus/ -o public/css/styles.css`
17 error Exit status 1
18 error Failed at the sezzhportfolio@0.0.1 build-stylus script 'stylus -u nib s-grid autoprefixer-stylus -w lib/stylus/ -o public/css/styles.css'.
18 error This is most likely a problem with the sezzhportfolio package,
18 error not with npm itself.
18 error Tell the author that this fails on your system:
18 error     stylus -u nib s-grid autoprefixer-stylus -w lib/stylus/ -o public/css/styles.css
18 error You can get information on how to open an issue for this project with:
18 error     npm bugs sezzhportfolio
18 error Or if that isn't available, you can get their info via:
18 error
18 error     npm owner ls sezzhportfolio
18 error There is likely additional logging output above.
19 verbose exit [ 1, true ]
